<?xml version="1.0" encoding="UTF-8"?>
<!-- Generated by org.testng.reporters.JUnitReportReporter -->
<testsuite hostname="Dishas-MacBook-Air.local" name="sampleFramework.SampleTest" tests="1" failures="0" timestamp="25 May 2014 21:40:16 GMT" time="11.298" errors="0">
  <testcase name="SearchAssistTest" time="11.298" classname="sampleFramework.SampleTest"/>
</testsuite> <!-- sampleFramework.SampleTest -->
