<?xml version="1.0" encoding="UTF-8"?>
<!-- Generated by org.testng.reporters.JUnitReportReporter -->
<testsuite hostname="shoulderhair-lm.corp.yahoo.com" name="sampleFramework.SampleTest" tests="1" failures="0" timestamp="12 Sep 2014 17:04:32 GMT" time="11.688" errors="0">
  <testcase name="SearchAssistTest" time="11.688" classname="sampleFramework.SampleTest"/>
</testsuite> <!-- sampleFramework.SampleTest -->
